<?xml version="1.0" encoding="UTF-8"?>
<!-- Generated by org.testng.reporters.JUnitReportReporter -->
<testsuite hostname="apmosyslt0485" failures="0" tests="1" name="testCases.TC_002_Acc_Login" time="1.828" errors="0" timestamp="2024-12-10T21:47:17 IST" skipped="0">
  <testcase classname="testCases.TC_002_Acc_Login" name="verify_acc_login" time="1.828"/>
</testsuite> <!-- testCases.TC_002_Acc_Login -->
