<?xml version="1.0" encoding="UTF-8"?>
<!-- Generated by org.testng.reporters.JUnitReportReporter -->
<testsuite hostname="apmosyslt0485" failures="0" tests="3" name="pageObjects.Annotations" time="0.020" errors="0" timestamp="2024-10-28T11:06:16 IST" skipped="0">
  <testcase classname="pageObjects.Annotations" name="search" time="0.002"/>
  <testcase classname="pageObjects.Annotations" name="advsearch" time="0.015"/>
  <testcase classname="pageObjects.Annotations" name="testpurpose" time="0.003"/>
</testsuite> <!-- pageObjects.Annotations -->
