<?xml version="1.0" encoding="UTF-8"?>
<!-- Generated by org.testng.reporters.JUnitReportReporter -->
<testsuite hostname="apmosyslt0485" failures="0" tests="1" name="testCases.TC_001_Acc_Reg" time="3.277" errors="0" timestamp="2024-12-10T21:47:02 IST" skipped="0">
  <testcase classname="testCases.TC_001_Acc_Reg" name="verify_acc_register" time="3.277"/>
</testsuite> <!-- testCases.TC_001_Acc_Reg -->
